<?xml version="1.0" encoding="UTF-8"?>
<!-- Generated by org.testng.reporters.JUnitReportReporter -->
<testsuite hostname="ELSDBNM-214381" failures="0" tests="8" name="com.employeeapi.testcases.TC001_GET_All_Employees" time="5.024" errors="0" timestamp="2022-05-03T03:31:08 IST" skipped="0">
  <testcase classname="com.employeeapi.testcases.TC001_GET_All_Employees" name="checkResponseBody" time="5.019"/>
  <system-out/>
  <testcase classname="com.employeeapi.testcases.TC001_GET_All_Employees" name="checkStatusCode" time="0.000"/>
  <system-out/>
  <testcase classname="com.employeeapi.testcases.TC001_GET_All_Employees" name="checkResponseTime" time="0.001"/>
  <system-out/>
  <testcase classname="com.employeeapi.testcases.TC001_GET_All_Employees" name="checkStatusLine" time="0.001"/>
  <system-out/>
  <testcase classname="com.employeeapi.testcases.TC001_GET_All_Employees" name="checkContentType" time="0.001"/>
  <system-out/>
  <testcase classname="com.employeeapi.testcases.TC001_GET_All_Employees" name="checkServerType" time="0.000"/>
  <system-out/>
  <testcase classname="com.employeeapi.testcases.TC001_GET_All_Employees" name="checkContentEncoding" time="0.001"/>
  <system-out/>
  <testcase classname="com.employeeapi.testcases.TC001_GET_All_Employees" name="checkContentLength" time="0.001"/>
  <system-out/>
</testsuite> <!-- com.employeeapi.testcases.TC001_GET_All_Employees -->
