<?xml version="1.0" encoding="UTF-8"?>
<!-- Generated by org.testng.reporters.JUnitReportReporter -->
<testsuite hostname="ELSDBNM-214381" failures="0" tests="7" name="com.employeeapi.testcases.TC003_POST_Create_Employee" time="5.004" errors="0" timestamp="2022-05-03T03:31:08 IST" skipped="0">
  <testcase classname="com.employeeapi.testcases.TC003_POST_Create_Employee" name="checkResponseBody" time="5.002"/>
  <system-out/>
  <testcase classname="com.employeeapi.testcases.TC003_POST_Create_Employee" name="checkStatusCode" time="0.001"/>
  <system-out/>
  <testcase classname="com.employeeapi.testcases.TC003_POST_Create_Employee" name="checkResponseTime" time="0.000"/>
  <system-out/>
  <testcase classname="com.employeeapi.testcases.TC003_POST_Create_Employee" name="checkStatusLine" time="0.001"/>
  <system-out/>
  <testcase classname="com.employeeapi.testcases.TC003_POST_Create_Employee" name="checkContentType" time="0.000"/>
  <system-out/>
  <testcase classname="com.employeeapi.testcases.TC003_POST_Create_Employee" name="checkServerType" time="0.000"/>
  <system-out/>
  <testcase classname="com.employeeapi.testcases.TC003_POST_Create_Employee" name="checkContentLength" time="0.000"/>
  <system-out/>
</testsuite> <!-- com.employeeapi.testcases.TC003_POST_Create_Employee -->
